[17:07:18.076] KEYDOWN: 1073741905 (down)
[17:07:18.459] KEYDOWN: 1073741905 (down)
[17:07:19.102] KEYDOWN: 13 (return)
[17:07:19.731] KEYDOWN: 1073741905 (down)
[17:07:19.924] KEYDOWN: 1073741905 (down)
[17:07:20.358] KEYDOWN: 13 (return)
[17:09:26.204] KEYDOWN: 1073741905 (down)
[17:09:26.460] KEYDOWN: 1073741905 (down)
[17:09:26.782] KEYDOWN: 13 (return)
[17:09:27.311] KEYDOWN: 1073741905 (down)
[17:09:27.504] KEYDOWN: 1073741905 (down)
[17:09:27.744] KEYDOWN: 13 (return)
[17:09:33.685] KEYDOWN: 1073742048 (left ctrl)
[17:09:34.039] KEYDOWN: 32 (space)
[17:09:34.718] KEYDOWN: 1073741905 (down)
[17:09:35.703] KEYDOWN: 27 (escape)
[17:09:36.043] KEYDOWN: 32 (space)
[17:09:37.139] KEYDOWN: 27 (escape)
[17:09:37.155] KEYDOWN: 1073742048 (left ctrl)
[17:09:37.171] KEYDOWN: 1073742050 (left alt)
[17:09:38.237] KEYDOWN: 27 (escape)
